<?xml version="1.0" encoding="UTF-8"?>
<!-- Generated by org.testng.reporters.JUnitXMLReporter -->
<testsuite ignored="0" hostname="LAPTOP-BA6DRO61" failures="0" tests="3" name="Default test" time="18.874" errors="0" timestamp="2025-05-27T15:32:24 EDT">
  <testcase classname="carb.calc.tests.CarbCalcTest" name="carbCalcDisplay_TC_CC_001" time="0.32"/>
  <testcase classname="carb.calc.tests.CarbCalcTest" name="carbCalcWithMetrics_TC_CC_003" time="2.576"/>
  <testcase classname="carb.calc.tests.CarbCalcTest" name="carbCalcWithUsUnits" time="4.368"/>
</testsuite> <!-- Default test -->
