<?xml version="1.0" encoding="UTF-8"?>
<!-- Generated by org.testng.reporters.JUnitXMLReporter -->
<testsuite ignored="0" hostname="LAPTOP-BA6DRO61" failures="0" tests="3" name="Carb Calc Tests" time="31.905" errors="0" timestamp="2025-05-27T23:02:00 EDT">
  <testcase classname="carb.calc.tests.CarbCalcTest" name="carbCalcDisplay_TC_CC_001" time="0.17"/>
  <testcase classname="carb.calc.tests.CarbCalcTest" name="carbCalcWithMetrics_TC_CC_002" time="2.588"/>
  <testcase classname="carb.calc.tests.CarbCalcTest" name="carbCalcWithUsUnits_TC_CC_003" time="2.85"/>
</testsuite> <!-- Carb Calc Tests -->
