<?xml version="1.0" encoding="UTF-8"?>
<!-- Generated by org.testng.reporters.JUnitXMLReporter -->
<testsuite ignored="0" hostname="LAPTOP-BA6DRO61" failures="0" tests="3" name="Carb Calc Tests" time="15.55" errors="0" timestamp="2025-05-27T17:15:32 EDT">
  <testcase classname="carb.calc.tests.CarbCalcTest" name="carbCalcDisplay_TC_CC_001" time="0.115"/>
  <testcase classname="carb.calc.tests.CarbCalcTest" name="carbCalcWithMetrics_TC_CC_003" time="2.263"/>
  <testcase classname="carb.calc.tests.CarbCalcTest" name="carbCalcWithUsUnits_TC_CC_004" time="2.785"/>
</testsuite> <!-- Carb Calc Tests -->
