<?xml version="1.0" encoding="UTF-8"?>
<testng-results ignored="0" total="3" passed="3" failed="0" skipped="0">
  <reporter-output>
  </reporter-output>
  <suite started-at="2025-05-27T17:15:17 EDT" name="Suite" finished-at="2025-05-27T17:15:32 EDT" duration-ms="15550">
    <groups>
      <group name="Smoke">
        <method signature="CarbCalcTest.carbCalcDisplay_TC_CC_001()[pri:0, instance:carb.calc.tests.CarbCalcTest@43195e57]" name="carbCalcDisplay_TC_CC_001" class="carb.calc.tests.CarbCalcTest"/>
        <method signature="CarbCalcTest.carbCalcWithMetrics_TC_CC_003()[pri:0, instance:carb.calc.tests.CarbCalcTest@43195e57]" name="carbCalcWithMetrics_TC_CC_003" class="carb.calc.tests.CarbCalcTest"/>
        <method signature="CarbCalcTest.carbCalcWithUsUnits_TC_CC_004()[pri:0, instance:carb.calc.tests.CarbCalcTest@43195e57]" name="carbCalcWithUsUnits_TC_CC_004" class="carb.calc.tests.CarbCalcTest"/>
      </group> <!-- Smoke -->
    </groups>
    <test started-at="2025-05-27T17:15:17 EDT" name="Carb Calc Tests" finished-at="2025-05-27T17:15:32 EDT" duration-ms="15550">
      <class name="carb.calc.tests.CarbCalcTest">
        <test-method is-config="true" signature="launchApplication()[pri:0, instance:carb.calc.tests.CarbCalcTest@43195e57]" started-at="2025-05-27T17:15:17 EDT" name="launchApplication" finished-at="2025-05-27T17:15:21 EDT" duration-ms="3996" status="PASS">
          <reporter-output>
          </reporter-output>
        </test-method> <!-- launchApplication -->
        <test-method signature="carbCalcDisplay_TC_CC_001()[pri:0, instance:carb.calc.tests.CarbCalcTest@43195e57]" started-at="2025-05-27T17:15:21 EDT" name="carbCalcDisplay_TC_CC_001" finished-at="2025-05-27T17:15:21 EDT" duration-ms="115" status="PASS">
          <reporter-output>
          </reporter-output>
        </test-method> <!-- carbCalcDisplay_TC_CC_001 -->
        <test-method is-config="true" signature="tearDown()[pri:0, instance:carb.calc.tests.CarbCalcTest@43195e57]" started-at="2025-05-27T17:15:21 EDT" name="tearDown" finished-at="2025-05-27T17:15:21 EDT" duration-ms="361" status="PASS">
          <reporter-output>
          </reporter-output>
        </test-method> <!-- tearDown -->
        <test-method is-config="true" signature="launchApplication()[pri:0, instance:carb.calc.tests.CarbCalcTest@43195e57]" started-at="2025-05-27T17:15:21 EDT" name="launchApplication" finished-at="2025-05-27T17:15:24 EDT" duration-ms="2873" status="PASS">
          <reporter-output>
          </reporter-output>
        </test-method> <!-- launchApplication -->
        <test-method signature="carbCalcWithMetrics_TC_CC_003()[pri:0, instance:carb.calc.tests.CarbCalcTest@43195e57]" started-at="2025-05-27T17:15:24 EDT" name="carbCalcWithMetrics_TC_CC_003" finished-at="2025-05-27T17:15:27 EDT" duration-ms="2263" status="PASS">
          <reporter-output>
          </reporter-output>
        </test-method> <!-- carbCalcWithMetrics_TC_CC_003 -->
        <test-method is-config="true" signature="tearDown()[pri:0, instance:carb.calc.tests.CarbCalcTest@43195e57]" started-at="2025-05-27T17:15:27 EDT" name="tearDown" finished-at="2025-05-27T17:15:27 EDT" duration-ms="260" status="PASS">
          <reporter-output>
          </reporter-output>
        </test-method> <!-- tearDown -->
        <test-method is-config="true" signature="launchApplication()[pri:0, instance:carb.calc.tests.CarbCalcTest@43195e57]" started-at="2025-05-27T17:15:27 EDT" name="launchApplication" finished-at="2025-05-27T17:15:29 EDT" duration-ms="2566" status="PASS">
          <reporter-output>
          </reporter-output>
        </test-method> <!-- launchApplication -->
        <test-method signature="carbCalcWithUsUnits_TC_CC_004()[pri:0, instance:carb.calc.tests.CarbCalcTest@43195e57]" started-at="2025-05-27T17:15:29 EDT" name="carbCalcWithUsUnits_TC_CC_004" finished-at="2025-05-27T17:15:32 EDT" duration-ms="2785" status="PASS">
          <reporter-output>
          </reporter-output>
        </test-method> <!-- carbCalcWithUsUnits_TC_CC_004 -->
        <test-method is-config="true" signature="tearDown()[pri:0, instance:carb.calc.tests.CarbCalcTest@43195e57]" started-at="2025-05-27T17:15:32 EDT" name="tearDown" finished-at="2025-05-27T17:15:32 EDT" duration-ms="256" status="PASS">
          <reporter-output>
          </reporter-output>
        </test-method> <!-- tearDown -->
      </class> <!-- carb.calc.tests.CarbCalcTest -->
    </test> <!-- Carb Calc Tests -->
  </suite> <!-- Suite -->
</testng-results>
